Job has been submitted with JobID 39dda65412f9eded1e72933e5ab8069f

------------------------------------------------------------
 The program finished with the following exception:

org.apache.flink.client.program.ProgramInvocationException: The main method caused an error: org.apache.flink.client.program.ProgramInvocationException: Job failed (JobID: 39dda65412f9eded1e72933e5ab8069f)
	at org.apache.flink.client.program.PackagedProgram.callMainMethod(PackagedProgram.java:372)
	at org.apache.flink.client.program.PackagedProgram.invokeInteractiveModeForExecution(PackagedProgram.java:222)
	at org.apache.flink.client.ClientUtils.executeProgram(ClientUtils.java:114)
	at org.apache.flink.client.cli.CliFrontend.executeProgram(CliFrontend.java:812)
	at org.apache.flink.client.cli.CliFrontend.run(CliFrontend.java:246)
	at org.apache.flink.client.cli.CliFrontend.parseAndRun(CliFrontend.java:1054)
	at org.apache.flink.client.cli.CliFrontend.lambda$main$10(CliFrontend.java:1132)
	at org.apache.flink.runtime.security.contexts.NoOpSecurityContext.runSecured(NoOpSecurityContext.java:28)
	at org.apache.flink.client.cli.CliFrontend.main(CliFrontend.java:1132)
Caused by: java.util.concurrent.ExecutionException: org.apache.flink.client.program.ProgramInvocationException: Job failed (JobID: 39dda65412f9eded1e72933e5ab8069f)
	at java.util.concurrent.CompletableFuture.reportGet(CompletableFuture.java:357)
	at java.util.concurrent.CompletableFuture.get(CompletableFuture.java:1908)
	at org.apache.flink.client.program.StreamContextEnvironment.getJobExecutionResult(StreamContextEnvironment.java:123)
	at org.apache.flink.client.program.StreamContextEnvironment.execute(StreamContextEnvironment.java:80)
	at org.apache.flink.streaming.api.environment.StreamExecutionEnvironment.execute(StreamExecutionEnvironment.java:1834)
	at com.akazone.stream.mysql2mysql.main(mysql2mysql.java:38)
	at sun.reflect.NativeMethodAccessorImpl.invoke0(Native Method)
	at sun.reflect.NativeMethodAccessorImpl.invoke(NativeMethodAccessorImpl.java:62)
	at sun.reflect.DelegatingMethodAccessorImpl.invoke(DelegatingMethodAccessorImpl.java:43)
	at java.lang.reflect.Method.invoke(Method.java:498)
	at org.apache.flink.client.program.PackagedProgram.callMainMethod(PackagedProgram.java:355)
	... 8 more
Caused by: org.apache.flink.client.program.ProgramInvocationException: Job failed (JobID: 39dda65412f9eded1e72933e5ab8069f)
	at org.apache.flink.client.deployment.ClusterClientJobClientAdapter.lambda$null$6(ClusterClientJobClientAdapter.java:125)
	at java.util.concurrent.CompletableFuture.uniApply(CompletableFuture.java:616)
	at java.util.concurrent.CompletableFuture$UniApply.tryFire(CompletableFuture.java:591)
	at java.util.concurrent.CompletableFuture.postComplete(CompletableFuture.java:488)
	at java.util.concurrent.CompletableFuture.complete(CompletableFuture.java:1975)
	at org.apache.flink.runtime.concurrent.FutureUtils.lambda$retryOperationWithDelay$9(FutureUtils.java:394)
	at java.util.concurrent.CompletableFuture.uniWhenComplete(CompletableFuture.java:774)
	at java.util.concurrent.CompletableFuture$UniWhenComplete.tryFire(CompletableFuture.java:750)
	at java.util.concurrent.CompletableFuture.postComplete(CompletableFuture.java:488)
	at java.util.concurrent.CompletableFuture.complete(CompletableFuture.java:1975)
	at org.apache.flink.client.program.rest.RestClusterClient.lambda$pollResourceAsync$24(RestClusterClient.java:670)
	at java.util.concurrent.CompletableFuture.uniWhenComplete(CompletableFuture.java:774)
	at java.util.concurrent.CompletableFuture$UniWhenComplete.tryFire(CompletableFuture.java:750)
	at java.util.concurrent.CompletableFuture.postComplete(CompletableFuture.java:488)
	at java.util.concurrent.CompletableFuture.complete(CompletableFuture.java:1975)
	at org.apache.flink.runtime.concurrent.FutureUtils.lambda$retryOperationWithDelay$9(FutureUtils.java:394)
	at java.util.concurrent.CompletableFuture.uniWhenComplete(CompletableFuture.java:774)
	at java.util.concurrent.CompletableFuture$UniWhenComplete.tryFire(CompletableFuture.java:750)
	at java.util.concurrent.CompletableFuture.postComplete(CompletableFuture.java:488)
	at java.util.concurrent.CompletableFuture.postFire(CompletableFuture.java:575)
	at java.util.concurrent.CompletableFuture$UniCompose.tryFire(CompletableFuture.java:943)
	at java.util.concurrent.CompletableFuture$Completion.run(CompletableFuture.java:456)
	at java.util.concurrent.ThreadPoolExecutor.runWorker(ThreadPoolExecutor.java:1149)
	at java.util.concurrent.ThreadPoolExecutor$Worker.run(ThreadPoolExecutor.java:624)
	at java.lang.Thread.run(Thread.java:748)
Caused by: org.apache.flink.runtime.client.JobExecutionException: Job execution failed.
	at org.apache.flink.runtime.jobmaster.JobResult.toJobExecutionResult(JobResult.java:144)
	at org.apache.flink.client.deployment.ClusterClientJobClientAdapter.lambda$null$6(ClusterClientJobClientAdapter.java:123)
	... 24 more
Caused by: org.apache.flink.runtime.JobException: Recovery is suppressed by FixedDelayRestartBackoffTimeStrategy(maxNumberRestartAttempts=0, backoffTimeMS=10)
	at org.apache.flink.runtime.executiongraph.failover.flip1.ExecutionFailureHandler.handleFailure(ExecutionFailureHandler.java:138)
	at org.apache.flink.runtime.executiongraph.failover.flip1.ExecutionFailureHandler.getFailureHandlingResult(ExecutionFailureHandler.java:82)
	at org.apache.flink.runtime.scheduler.DefaultScheduler.handleTaskFailure(DefaultScheduler.java:216)
	at org.apache.flink.runtime.scheduler.DefaultScheduler.maybeHandleTaskFailure(DefaultScheduler.java:206)
	at org.apache.flink.runtime.scheduler.DefaultScheduler.updateTaskExecutionStateInternal(DefaultScheduler.java:197)
	at org.apache.flink.runtime.scheduler.SchedulerBase.updateTaskExecutionState(SchedulerBase.java:682)
	at org.apache.flink.runtime.scheduler.UpdateSchedulerNgOnInternalFailuresListener.notifyTaskFailure(UpdateSchedulerNgOnInternalFailuresListener.java:51)
	at org.apache.flink.runtime.executiongraph.DefaultExecutionGraph.notifySchedulerNgAboutInternalTaskFailure(DefaultExecutionGraph.java:1462)
	at org.apache.flink.runtime.executiongraph.Execution.processFail(Execution.java:1140)
	at org.apache.flink.runtime.executiongraph.Execution.processFail(Execution.java:1080)
	at org.apache.flink.runtime.executiongraph.Execution.markFailed(Execution.java:911)
	at org.apache.flink.runtime.executiongraph.ExecutionVertex.markFailed(ExecutionVertex.java:472)
	at org.apache.flink.runtime.scheduler.DefaultExecutionVertexOperations.markFailed(DefaultExecutionVertexOperations.java:41)
	at org.apache.flink.runtime.scheduler.DefaultScheduler.handleTaskDeploymentFailure(DefaultScheduler.java:510)
	at org.apache.flink.runtime.scheduler.DefaultScheduler.lambda$assignResourceOrHandleError$7(DefaultScheduler.java:495)
	at java.util.concurrent.CompletableFuture.uniHandle(Unknown Source)
	at java.util.concurrent.CompletableFuture$UniHandle.tryFire(Unknown Source)
	at java.util.concurrent.CompletableFuture.postComplete(Unknown Source)
	at java.util.concurrent.CompletableFuture.completeExceptionally(Unknown Source)
	at org.apache.flink.runtime.jobmaster.slotpool.DeclarativeSlotPoolBridge$PendingRequest.failRequest(DeclarativeSlotPoolBridge.java:535)
	at org.apache.flink.runtime.jobmaster.slotpool.DeclarativeSlotPoolBridge.cancelPendingRequests(DeclarativeSlotPoolBridge.java:128)
	at org.apache.flink.runtime.jobmaster.slotpool.DeclarativeSlotPoolBridge.failPendingRequests(DeclarativeSlotPoolBridge.java:362)
	at org.apache.flink.runtime.jobmaster.slotpool.DeclarativeSlotPoolBridge.notifyNotEnoughResourcesAvailable(DeclarativeSlotPoolBridge.java:351)
	at org.apache.flink.runtime.jobmaster.JobMaster.notifyNotEnoughResourcesAvailable(JobMaster.java:816)
	at jdk.internal.reflect.NativeMethodAccessorImpl.invoke0(Native Method)
	at jdk.internal.reflect.NativeMethodAccessorImpl.invoke(Unknown Source)
	at jdk.internal.reflect.DelegatingMethodAccessorImpl.invoke(Unknown Source)
	at java.lang.reflect.Method.invoke(Unknown Source)
	at org.apache.flink.runtime.rpc.akka.AkkaRpcActor.handleRpcInvocation(AkkaRpcActor.java:301)
	at org.apache.flink.runtime.rpc.akka.AkkaRpcActor.handleRpcMessage(AkkaRpcActor.java:212)
	at org.apache.flink.runtime.rpc.akka.FencedAkkaRpcActor.handleRpcMessage(FencedAkkaRpcActor.java:77)
	at org.apache.flink.runtime.rpc.akka.AkkaRpcActor.handleMessage(AkkaRpcActor.java:158)
	at akka.japi.pf.UnitCaseStatement.apply(CaseStatements.scala:26)
	at akka.japi.pf.UnitCaseStatement.apply(CaseStatements.scala:21)
	at scala.PartialFunction$class.applyOrElse(PartialFunction.scala:123)
	at akka.japi.pf.UnitCaseStatement.applyOrElse(CaseStatements.scala:21)
	at scala.PartialFunction$OrElse.applyOrElse(PartialFunction.scala:170)
	at scala.PartialFunction$OrElse.applyOrElse(PartialFunction.scala:171)
	at scala.PartialFunction$OrElse.applyOrElse(PartialFunction.scala:171)
	at akka.actor.Actor$class.aroundReceive(Actor.scala:517)
	at akka.actor.AbstractActor.aroundReceive(AbstractActor.scala:225)
	at akka.actor.ActorCell.receiveMessage(ActorCell.scala:592)
	at akka.actor.ActorCell.invoke(ActorCell.scala:561)
	at akka.dispatch.Mailbox.processMailbox(Mailbox.scala:258)
	at akka.dispatch.Mailbox.run(Mailbox.scala:225)
	at akka.dispatch.Mailbox.exec(Mailbox.scala:235)
	at akka.dispatch.forkjoin.ForkJoinTask.doExec(ForkJoinTask.java:260)
	at akka.dispatch.forkjoin.ForkJoinPool$WorkQueue.runTask(ForkJoinPool.java:1339)
	at akka.dispatch.forkjoin.ForkJoinPool.runWorker(ForkJoinPool.java:1979)
	at akka.dispatch.forkjoin.ForkJoinWorkerThread.run(ForkJoinWorkerThread.java:107)
Caused by: java.util.concurrent.CompletionException: org.apache.flink.runtime.jobmanager.scheduler.NoResourceAvailableException: Could not acquire the minimum required resources.
	at java.util.concurrent.CompletableFuture.encodeThrowable(Unknown Source)
	at java.util.concurrent.CompletableFuture.completeThrowable(Unknown Source)
	at java.util.concurrent.CompletableFuture$UniApply.tryFire(Unknown Source)
	... 33 more
Caused by: org.apache.flink.runtime.jobmanager.scheduler.NoResourceAvailableException: Could not acquire the minimum required resources.
	... 29 more
